Temp/gradleOut/build/outputs/logs/manifest-merger-release-report.txt
-- Merging decision tree log ---
manifest
ADDED from src/main/AndroidManifest.xml:2:1-26:12
INJECTED from src/main/AndroidManifest.xml:2:1-26:12
INJECTED from src/main/AndroidManifest.xml:2:1-26:12
INJECTED from src/main/AndroidManifest.xml:2:1-26:12
MERGED from [:android.arch.core.runtime-1.1.0:] AndroidManifest.xml:17:1-22:12
MERGED from [:android.arch.lifecycle.livedata-core-1.1.0:] AndroidManifest.xml:17:1-22:12
MERGED from [:android.arch.lifecycle.runtime-1.1.0:] AndroidManifest.xml:17:1-22:12
MERGED from [:android.arch.lifecycle.viewmodel-1.1.0:] AndroidManifest.xml:17:1-22:12
MERGED from [:com.android.support.animated-vector-drawable-27.1.1:] AndroidManifest.xml:17:1-22:12
MERGED from [:com.android.support.appcompat-v7-27.1.1:] AndroidManifest.xml:17:1-22:12
MERGED from [:com.android.support.support-compat-27.1.1:] AndroidManifest.xml:17:1-22:12
MERGED from [:com.android.support.support-core-ui-27.1.1:] AndroidManifest.xml:17:1-22:12
MERGED from [:com.android.support.support-core-utils-27.1.1:] AndroidManifest.xml:17:1-22:12
MERGED from [:com.android.support.support-fragment-27.1.1:] AndroidManifest.xml:17:1-22:12
MERGED from [:com.android.support.support-media-compat-27.1.1:] AndroidManifest.xml:17:1-22:12
MERGED from [:com.android.support.support-v4-27.1.1:] AndroidManifest.xml:17:1-22:12
MERGED from [:com.android.support.support-vector-drawable-27.1.1:] AndroidManifest.xml:17:1-22:12
MERGED from [:com.google.android.gms.play-services-ads-identifier-15.0.1:] AndroidManifest.xml:17:1-24:12
MERGED from [:com.google.android.gms.play-services-base-15.0.1:] AndroidManifest.xml:17:1-29:12
MERGED from [:com.google.android.gms.play-services-basement-15.0.1:] AndroidManifest.xml:17:1-28:12
MERGED from [:com.google.android.gms.play-services-tasks-15.0.1:] AndroidManifest.xml:2:1-9:12
MERGED from [:ChartboostSDK] AndroidManifest.xml:2:1-40:12
INJECTED from src/main/AndroidManifest.xml:2:1-26:12
INJECTED from src/main/AndroidManifest.xml:2:1-26:12
INJECTED from src/main/AndroidManifest.xml:2:1-26:12
	package
		ADDED from src/main/AndroidManifest.xml:2:70-98
		INJECTED from src/main/AndroidManifest.xml
		INJECTED from src/main/AndroidManifest.xml
	android:versionName
		ADDED from src/main/AndroidManifest.xml:2:171-196
		INJECTED from src/main/AndroidManifest.xml
		INJECTED from src/main/AndroidManifest.xml
	xmlns:android
		ADDED from src/main/AndroidManifest.xml:2:11-69
	android:versionCode
		ADDED from src/main/AndroidManifest.xml:2:147-170
		INJECTED from src/main/AndroidManifest.xml
		INJECTED from src/main/AndroidManifest.xml
	android:installLocation
		ADDED from src/main/AndroidManifest.xml:2:197-237
	android:theme
		ADDED from src/main/AndroidManifest.xml:2:99-146
supports-screens
ADDED from src/main/AndroidManifest.xml:3:3-163
	android:largeScreens
		ADDED from src/main/AndroidManifest.xml:3:78-105
	android:smallScreens
		ADDED from src/main/AndroidManifest.xml:3:21-48
	android:normalScreens
		ADDED from src/main/AndroidManifest.xml:3:49-77
	android:xlargeScreens
		ADDED from src/main/AndroidManifest.xml:3:106-134
	android:anyDensity
		ADDED from src/main/AndroidManifest.xml:3:135-160
uses-sdk
ADDED from src/main/AndroidManifest.xml:4:3-42
INJECTED from src/main/AndroidManifest.xml:4:3-42
INJECTED from src/main/AndroidManifest.xml:4:3-42
MERGED from [:android.arch.core.runtime-1.1.0:] AndroidManifest.xml:20:5-44
MERGED from [:android.arch.core.runtime-1.1.0:] AndroidManifest.xml:20:5-44
MERGED from [:android.arch.lifecycle.livedata-core-1.1.0:] AndroidManifest.xml:20:5-44
MERGED from [:android.arch.lifecycle.livedata-core-1.1.0:] AndroidManifest.xml:20:5-44
MERGED from [:android.arch.lifecycle.runtime-1.1.0:] AndroidManifest.xml:20:5-44
MERGED from [:android.arch.lifecycle.runtime-1.1.0:] AndroidManifest.xml:20:5-44
MERGED from [:android.arch.lifecycle.viewmodel-1.1.0:] AndroidManifest.xml:20:5-44
MERGED from [:android.arch.lifecycle.viewmodel-1.1.0:] AndroidManifest.xml:20:5-44
MERGED from [:com.android.support.animated-vector-drawable-27.1.1:] AndroidManifest.xml:20:5-44
MERGED from [:com.android.support.animated-vector-drawable-27.1.1:] AndroidManifest.xml:20:5-44
MERGED from [:com.android.support.appcompat-v7-27.1.1:] AndroidManifest.xml:20:5-44
MERGED from [:com.android.support.appcompat-v7-27.1.1:] AndroidManifest.xml:20:5-44
MERGED from [:com.android.support.support-compat-27.1.1:] AndroidManifest.xml:20:5-44
MERGED from [:com.android.support.support-compat-27.1.1:] AndroidManifest.xml:20:5-44
MERGED from [:com.android.support.support-core-ui-27.1.1:] AndroidManifest.xml:20:5-44
MERGED from [:com.android.support.support-core-ui-27.1.1:] AndroidManifest.xml:20:5-44
MERGED from [:com.android.support.support-core-utils-27.1.1:] AndroidManifest.xml:20:5-44
MERGED from [:com.android.support.support-core-utils-27.1.1:] AndroidManifest.xml:20:5-44
MERGED from [:com.android.support.support-fragment-27.1.1:] AndroidManifest.xml:20:5-44
MERGED from [:com.android.support.support-fragment-27.1.1:] AndroidManifest.xml:20:5-44
MERGED from [:com.android.support.support-media-compat-27.1.1:] AndroidManifest.xml:20:5-44
MERGED from [:com.android.support.support-media-compat-27.1.1:] AndroidManifest.xml:20:5-44
MERGED from [:com.android.support.support-v4-27.1.1:] AndroidManifest.xml:20:5-44
MERGED from [:com.android.support.support-v4-27.1.1:] AndroidManifest.xml:20:5-44
MERGED from [:com.android.support.support-vector-drawable-27.1.1:] AndroidManifest.xml:20:5-44
MERGED from [:com.android.support.support-vector-drawable-27.1.1:] AndroidManifest.xml:20:5-44
MERGED from [:com.google.android.gms.play-services-ads-identifier-15.0.1:] AndroidManifest.xml:20:5-44
MERGED from [:com.google.android.gms.play-services-ads-identifier-15.0.1:] AndroidManifest.xml:20:5-44
MERGED from [:com.google.android.gms.play-services-base-15.0.1:] AndroidManifest.xml:20:5-44
MERGED from [:com.google.android.gms.play-services-base-15.0.1:] AndroidManifest.xml:20:5-44
MERGED from [:com.google.android.gms.play-services-basement-15.0.1:] AndroidManifest.xml:20:5-44
MERGED from [:com.google.android.gms.play-services-basement-15.0.1:] AndroidManifest.xml:20:5-44
MERGED from [:com.google.android.gms.play-services-tasks-15.0.1:] AndroidManifest.xml:5:5-44
MERGED from [:com.google.android.gms.play-services-tasks-15.0.1:] AndroidManifest.xml:5:5-44
MERGED from [:ChartboostSDK] AndroidManifest.xml:7:5-9:41
MERGED from [:ChartboostSDK] AndroidManifest.xml:7:5-9:41
INJECTED from src/main/AndroidManifest.xml:4:3-42
INJECTED from src/main/AndroidManifest.xml:4:3-42
	android:targetSdkVersion
		INJECTED from src/main/AndroidManifest.xml
		ADDED from src/main/AndroidManifest.xml:4:3-42
		INJECTED from src/main/AndroidManifest.xml
	android:minSdkVersion
		ADDED from src/main/AndroidManifest.xml:4:13-39
		INJECTED from src/main/AndroidManifest.xml
		INJECTED from src/main/AndroidManifest.xml
application
ADDED from src/main/AndroidManifest.xml:5:3-20:17
MERGED from [:com.google.android.gms.play-services-ads-identifier-15.0.1:] AndroidManifest.xml:22:5-20
MERGED from [:com.google.android.gms.play-services-ads-identifier-15.0.1:] AndroidManifest.xml:22:5-20
MERGED from [:com.google.android.gms.play-services-base-15.0.1:] AndroidManifest.xml:22:5-27:19
MERGED from [:com.google.android.gms.play-services-base-15.0.1:] AndroidManifest.xml:22:5-27:19
MERGED from [:com.google.android.gms.play-services-basement-15.0.1:] AndroidManifest.xml:22:5-26:19
MERGED from [:com.google.android.gms.play-services-basement-15.0.1:] AndroidManifest.xml:22:5-26:19
MERGED from [:com.google.android.gms.play-services-tasks-15.0.1:] AndroidManifest.xml:7:5-20
MERGED from [:com.google.android.gms.play-services-tasks-15.0.1:] AndroidManifest.xml:7:5-20
MERGED from [:ChartboostSDK] AndroidManifest.xml:31:5-38:19
MERGED from [:ChartboostSDK] AndroidManifest.xml:31:5-38:19
	android:label
		ADDED from src/main/AndroidManifest.xml:5:16-48
	android:icon
		ADDED from src/main/AndroidManifest.xml:5:109-140
	android:banner
		ADDED from src/main/AndroidManifest.xml:5:71-108
	android:isGame
		ADDED from src/main/AndroidManifest.xml:5:49-70
activity#com.unity3d.player.UnityPlayerActivity
ADDED from src/main/AndroidManifest.xml:6:5-14:16
	android:screenOrientation
		ADDED from src/main/AndroidManifest.xml:6:102-140
	android:label
		ADDED from src/main/AndroidManifest.xml:6:69-101
	android:launchMode
		ADDED from src/main/AndroidManifest.xml:6:141-172
	android:hardwareAccelerated
		ADDED from src/main/AndroidManifest.xml:6:355-390
	android:configChanges
		ADDED from src/main/AndroidManifest.xml:6:173-354
	android:name
		ADDED from src/main/AndroidManifest.xml:6:15-68
intent-filter#android.intent.action.MAIN+android.intent.category.LAUNCHER+android.intent.category.LEANBACK_LAUNCHER
ADDED from src/main/AndroidManifest.xml:7:7-11:23
action#android.intent.action.MAIN
ADDED from src/main/AndroidManifest.xml:8:9-61
	android:name
		ADDED from src/main/AndroidManifest.xml:8:17-58
category#android.intent.category.LAUNCHER
ADDED from src/main/AndroidManifest.xml:9:9-69
	android:name
		ADDED from src/main/AndroidManifest.xml:9:19-66
category#android.intent.category.LEANBACK_LAUNCHER
ADDED from src/main/AndroidManifest.xml:10:9-78
	android:name
		ADDED from src/main/AndroidManifest.xml:10:19-75
meta-data#unityplayer.UnityActivity
ADDED from src/main/AndroidManifest.xml:12:7-82
	android:value
		ADDED from src/main/AndroidManifest.xml:12:59-79
	android:name
		ADDED from src/main/AndroidManifest.xml:12:18-58
meta-data#unityplayer.ForwardNativeEventsToDalvik
ADDED from src/main/AndroidManifest.xml:13:7-96
	android:value
		ADDED from src/main/AndroidManifest.xml:13:73-93
	android:name
		ADDED from src/main/AndroidManifest.xml:13:18-72
meta-data#com.google.android.gms.version
ADDED from src/main/AndroidManifest.xml:16:5-118
MERGED from [:com.google.android.gms.play-services-basement-15.0.1:] AndroidManifest.xml:23:9-25:69
MERGED from [:com.google.android.gms.play-services-basement-15.0.1:] AndroidManifest.xml:23:9-25:69
	android:value
		ADDED from src/main/AndroidManifest.xml:16:62-115
	android:name
		ADDED from src/main/AndroidManifest.xml:16:16-61
meta-data#unity.build-id
ADDED from src/main/AndroidManifest.xml:17:5-101
	android:value
		ADDED from src/main/AndroidManifest.xml:17:46-98
	android:name
		ADDED from src/main/AndroidManifest.xml:17:16-45
meta-data#unity.splash-mode
ADDED from src/main/AndroidManifest.xml:18:5-69
	android:value
		ADDED from src/main/AndroidManifest.xml:18:49-66
	android:name
		ADDED from src/main/AndroidManifest.xml:18:16-48
meta-data#unity.splash-enable
ADDED from src/main/AndroidManifest.xml:19:5-74
	android:value
		ADDED from src/main/AndroidManifest.xml:19:51-71
	android:name
		ADDED from src/main/AndroidManifest.xml:19:16-50
uses-feature#0x00020000
ADDED from src/main/AndroidManifest.xml:21:3-52
	android:glEsVersion
		ADDED from src/main/AndroidManifest.xml:21:17-49
uses-permission#android.permission.INTERNET
ADDED from src/main/AndroidManifest.xml:22:3-65
MERGED from [:ChartboostSDK] AndroidManifest.xml:11:5-67
MERGED from [:ChartboostSDK] AndroidManifest.xml:11:5-67
	android:name
		ADDED from src/main/AndroidManifest.xml:22:20-62
uses-feature#android.hardware.touchscreen
ADDED from src/main/AndroidManifest.xml:23:3-88
	android:required
		ADDED from src/main/AndroidManifest.xml:23:61-85
	android:name
		ADDED from src/main/AndroidManifest.xml:23:17-60
uses-feature#android.hardware.touchscreen.multitouch
ADDED from src/main/AndroidManifest.xml:24:3-99
	android:required
		ADDED from src/main/AndroidManifest.xml:24:72-96
	android:name
		ADDED from src/main/AndroidManifest.xml:24:17-71
uses-feature#android.hardware.touchscreen.multitouch.distinct
ADDED from src/main/AndroidManifest.xml:25:3-108
	android:required
		ADDED from src/main/AndroidManifest.xml:25:81-105
	android:name
		ADDED from src/main/AndroidManifest.xml:25:17-80
activity#com.google.android.gms.common.api.GoogleApiActivity
ADDED from [:com.google.android.gms.play-services-base-15.0.1:] AndroidManifest.xml:23:9-26:75
	android:exported
		ADDED from [:com.google.android.gms.play-services-base-15.0.1:] AndroidManifest.xml:25:13-37
	android:theme
		ADDED from [:com.google.android.gms.play-services-base-15.0.1:] AndroidManifest.xml:26:13-72
	android:name
		ADDED from [:com.google.android.gms.play-services-base-15.0.1:] AndroidManifest.xml:24:13-79
uses-permission#android.permission.ACCESS_NETWORK_STATE
ADDED from [:ChartboostSDK] AndroidManifest.xml:12:5-79
	android:name
		ADDED from [:ChartboostSDK] AndroidManifest.xml:12:22-76
uses-permission#android.permission.ACCESS_WIFI_STATE
ADDED from [:ChartboostSDK] AndroidManifest.xml:19:5-76
	android:name
		ADDED from [:ChartboostSDK] AndroidManifest.xml:19:22-73
uses-permission#android.permission.WRITE_EXTERNAL_STORAGE
ADDED from [:ChartboostSDK] AndroidManifest.xml:26:5-81
	android:name
		ADDED from [:ChartboostSDK] AndroidManifest.xml:26:22-78
uses-permission#android.permission.READ_PHONE_STATE
ADDED from [:ChartboostSDK] AndroidManifest.xml:29:5-75
	android:name
		ADDED from [:ChartboostSDK] AndroidManifest.xml:29:22-72
activity#com.chartboost.sdk.CBImpressionActivity
ADDED from [:ChartboostSDK] AndroidManifest.xml:32:9-37:86
	android:excludeFromRecents
		ADDED from [:ChartboostSDK] AndroidManifest.xml:35:13-46
	android:hardwareAccelerated
		ADDED from [:ChartboostSDK] AndroidManifest.xml:36:13-47
	android:configChanges
		ADDED from [:ChartboostSDK] AndroidManifest.xml:34:13-74
	android:theme
		ADDED from [:ChartboostSDK] AndroidManifest.xml:37:13-83
	android:name
		ADDED from [:ChartboostSDK] AndroidManifest.xml:33:13-67
uses-permission#android.permission.READ_EXTERNAL_STORAGE
IMPLIED from src/main/AndroidManifest.xml:2:1-26:12 reason: com.chartboost.sdk.unity requested WRITE_EXTERNAL_STORAGE